<?xml version="1.0" encoding="UTF-8"?>
<!-- Generated by org.testng.reporters.JUnitReportReporter -->
<testsuite hostname="user-PC" name="Satish2018.Auto2" tests="1" failures="0" timestamp="31 May 2018 03:48:42 GMT" time="49.156" errors="0">
  <testcase name="gTest" time="49.156" classname="Satish2018.Auto2"/>
</testsuite> <!-- Satish2018.Auto2 -->
