<?xml version="1.0" encoding="UTF-8"?>
<!-- Generated by org.testng.reporters.JUnitReportReporter -->
<testsuite hostname="user-PC" name="testNG.FirstTest" tests="2" failures="0" timestamp="7 Aug 2018 08:17:59 GMT" time="39.473" errors="0">
  <testcase name="g" time="14.162" classname="testNG.FirstTest"/>
  <testcase name="f" time="25.311" classname="testNG.FirstTest"/>
</testsuite> <!-- testNG.FirstTest -->
