<?xml version="1.0" encoding="UTF-8"?>
<!-- Generated by org.testng.reporters.JUnitReportReporter -->
<testsuite hostname="user-PC" name="testNG.SpicejetLogIn" tests="1" failures="0" timestamp="12 Oct 2016 16:24:45 GMT" time="17.201" errors="0">
  <testcase name="SpOneway" time="17.201" classname="testNG.SpicejetLogIn"/>
</testsuite> <!-- testNG.SpicejetLogIn -->
