<?xml version="1.0" encoding="UTF-8"?>
<!-- Generated by org.testng.reporters.JUnitReportReporter -->
<testsuite hostname="user-PC" name="Satish2018.Auto1" tests="1" failures="0" timestamp="31 May 2018 03:48:42 GMT" time="25.268" errors="0">
  <testcase name="dropdownTest" time="25.268" classname="Satish2018.Auto1"/>
</testsuite> <!-- Satish2018.Auto1 -->
