<?xml version="1.0" encoding="UTF-8"?>
<!-- Generated by org.testng.reporters.JUnitReportReporter -->
<testsuite hostname="user-PC" name="Satish2018.Auto3pro" tests="1" failures="0" timestamp="9 Aug 2018 06:46:05 GMT" time="16.077" errors="0">
  <testcase name="hitUrl" time="16.077" classname="Satish2018.Auto3pro"/>
</testsuite> <!-- Satish2018.Auto3pro -->
